<?xml version="1.0" encoding="UTF-8"?>
<!-- Generated by org.testng.reporters.JUnitReportReporter -->
<testsuite hostname="LAPTOP-LBHCVIR9" failures="0" tests="1" name="driverfactory.DriverScript" time="54.013" errors="0" timestamp="2024-04-17T23:21:45 IST" skipped="0">
  <testcase classname="driverfactory.DriverScript" name="starttest" time="54.013">
    <system-out>
      <![CDATA[Stock-000001179       Stock-000001179
Customer-00000004422      Customer-00000004422]]>
    </system-out>
  </testcase> <!-- starttest -->
  <system-out>
    <![CDATA[Stock-000001179       Stock-000001179
Customer-00000004422      Customer-00000004422]]>
  </system-out>
</testsuite> <!-- driverfactory.DriverScript -->
